<?xml version="1.0" encoding="UTF-8"?>
<!-- Generated by org.testng.reporters.JUnitReportReporter -->
<testsuite hostname="Kasu" failures="0" tests="1" name="reportsMaven.ExtentReports.PracticeReports" time="11.548" errors="0" timestamp="2021-11-04T11:53:05 CDT" skipped="0">
  <testcase classname="reportsMaven.ExtentReports.PracticeReports" name="visitPage" time="11.548"/>
  <system-out/>
</testsuite> <!-- reportsMaven.ExtentReports.PracticeReports -->
